<?xml version="1.0" encoding="UTF-8"?>
<!-- Generated by org.testng.reporters.JUnitReportReporter -->
<testsuite hostname="Udays-MBP" name="com.javacodegeeks.testng.maven.TestNgMavenExample" tests="1" failures="0" timestamp="18 Jan 2018 02:03:06 GMT" time="0.005" errors="0">
  <testcase name="exampleOfTestNgMaven" time="0.005" classname="com.javacodegeeks.testng.maven.TestNgMavenExample"/>
</testsuite> <!-- com.javacodegeeks.testng.maven.TestNgMavenExample -->
